#
# There is insufficient memory for the Java Runtime Environment to continue.
# Native memory allocation (mmap) failed to map 2097152 bytes for G1 virtual space
# Possible reasons:
#   The system is out of physical RAM or swap space
#   The process is running with CompressedOops enabled, and the Java Heap may be blocking the growth of the native heap
# Possible solutions:
#   Reduce memory load on the system
#   Increase physical memory or swap space
#   Check if swap backing store is full
#   Decrease Java heap size (-Xmx/-Xms)
#   Decrease number of Java threads
#   Decrease Java thread stack sizes (-Xss)
#   Set larger code cache with -XX:ReservedCodeCacheSize=
#   JVM is running with Unscaled Compressed Oops mode in which the Java heap is
#     placed in the first 4GB address space. The Java Heap base address is the
#     maximum limit for the native heap growth. Please use -XX:HeapBaseMinAddress
#     to set the Java Heap base and to place the Java Heap above 4GB virtual address.
# This output file may be truncated or incomplete.
#
#  Out of Memory Error (os_windows.cpp:3528), pid=8972, tid=22356
#
# JRE version:  (20.0.1+9) (build )
# Java VM: Java HotSpot(TM) 64-Bit Server VM (20.0.1+9-29, mixed mode, sharing, tiered, compressed oops, compressed class ptrs, g1 gc, windows-amd64)
# No core dump will be written. Minidumps are not enabled by default on client versions of Windows
#

---------------  S U M M A R Y ------------

Command Line: com.mycompany.sneakysun.SelectLoginWindow

Host: Intel(R) Core(TM) i5-8250U CPU @ 1.60GHz, 8 cores, 7G,  Windows 10 , 64 bit Build 19041 (10.0.19041.3570)
Time: Fri Nov 17 09:18:09 2023 SE Asia Standard Time elapsed time: 0.025656 seconds (0d 0h 0m 0s)

---------------  T H R E A D  ---------------

Current thread (0x0000020221f91890):  JavaThread "Unknown thread" [_thread_in_vm, id=22356, stack(0x0000001512000000,0x0000001512100000)]

Stack: [0x0000001512000000,0x0000001512100000]
Native frames: (J=compiled Java code, j=interpreted, Vv=VM code, C=native code)
V  [jvm.dll+0x6bb95a]
V  [jvm.dll+0x8485fa]
V  [jvm.dll+0x84a1f5]
V  [jvm.dll+0x84a8f3]
V  [jvm.dll+0x280b0f]
V  [jvm.dll+0x6b86e9]
V  [jvm.dll+0x6ad2da]
V  [jvm.dll+0x35adf5]
V  [jvm.dll+0x363016]
V  [jvm.dll+0x3b3b53]
V  [jvm.dll+0x3b3dc5]
V  [jvm.dll+0x32b50a]
V  [jvm.dll+0x32c32b]
V  [jvm.dll+0x8112bf]
V  [jvm.dll+0x3c0d91]
V  [jvm.dll+0x7fcfe3]
V  [jvm.dll+0x44c76f]
V  [jvm.dll+0x44e0e1]
C  [jli.dll+0x5287]
C  [ucrtbase.dll+0x21bb2]
C  [KERNEL32.DLL+0x17344]
C  [ntdll.dll+0x526b1]


---------------  P R O C E S S  ---------------

Threads class SMR info:
_java_thread_list=0x00007ffdff38a098, length=0, elements={
}

Java Threads: ( => current thread )

Other Threads:
  0x0000020221ff0260 WorkerThread "GC Thread#0" [stack: 0x0000001512100000,0x0000001512200000] [id=15036]
  0x0000020222000ea0 ConcurrentGCThread "G1 Main Marker" [stack: 0x0000001512200000,0x0000001512300000] [id=9712]
  0x0000020222001f80 WorkerThread "G1 Conc#0" [stack: 0x0000001512300000,0x0000001512400000] [id=15716]

[error occurred during error reporting (printing all threads), id 0xc0000005, EXCEPTION_ACCESS_VIOLATION (0xc0000005) at pc=0x00007ffdfeb6eb47]
VM state: not at safepoint (not fully initialized)

VM Mutex/Monitor currently owned by a thread:  ([mutex/lock_event])
[0x0000020221f8bb20] Heap_lock - owner thread: 0x0000020221f91890

Heap address: 0x0000000081c00000, size: 2020 MB, Compressed Oops mode: 32-bit

CDS archive(s) mapped at: [0x0000000000000000-0x0000000000000000-0x0000000000000000), size 0, SharedBaseAddress: 0x0000000800000000, ArchiveRelocationMode: 0.
Narrow klass base: 0x0000000000000000, Narrow klass shift: 0, Narrow klass range: 0x0

GC Precious Log:
 CardTable entry size: 512
 Card Set container configuration: InlinePtr #cards 5 size 8 Array Of Cards #cards 12 size 40 Howl #buckets 4 coarsen threshold 1843 Howl Bitmap #cards 512 size 80 coarsen threshold 460 Card regions per heap region 1 cards per card region 2048

Heap:
 garbage-first heap   total 0K, used 0K [0x0000000081c00000, 0x0000000100000000)
  region size 1024K, 0 young (0K), 0 survivors (0K)

[error occurred during error reporting (printing heap information), id 0xc0000005, EXCEPTION_ACCESS_VIOLATION (0xc0000005) at pc=0x00007ffdfef43c59]
GC Heap History (0 events):
No events

Dll operation events (1 events):
Event: 0.016 Loaded shared library C:\Program Files\Java\jdk-20\bin\java.dll

Deoptimization events (0 events):
No events

Classes loaded (0 events):
No events

Classes unloaded (0 events):
No events

Classes redefined (0 events):
No events

Internal exceptions (0 events):
No events

VM Operations (0 events):
No events

Events (0 events):
No events


Dynamic libraries:
0x00007ff749ce0000 - 0x00007ff749cf0000 	C:\Program Files\Java\jdk-20\bin\java.exe
0x00007ffe5d650000 - 0x00007ffe5d847000 	C:\WINDOWS\SYSTEM32\ntdll.dll
0x00007ffe5b7d0000 - 0x00007ffe5b88d000 	C:\WINDOWS\System32\KERNEL32.DLL
0x00007ffe5b070000 - 0x00007ffe5b366000 	C:\WINDOWS\System32\KERNELBASE.dll
0x00007ffe524e0000 - 0x00007ffe524fb000 	C:\Program Files\Java\jdk-20\bin\VCRUNTIME140.dll
0x00007ffe5b370000 - 0x00007ffe5b470000 	C:\WINDOWS\System32\ucrtbase.dll
0x00007ffe53030000 - 0x00007ffe53049000 	C:\Program Files\Java\jdk-20\bin\jli.dll
0x00007ffe5d430000 - 0x00007ffe5d4de000 	C:\WINDOWS\System32\ADVAPI32.dll
0x00007ffe5bde0000 - 0x00007ffe5be7e000 	C:\WINDOWS\System32\msvcrt.dll
0x00007ffe5ba60000 - 0x00007ffe5bafc000 	C:\WINDOWS\System32\sechost.dll
0x00007ffe5c4e0000 - 0x00007ffe5c606000 	C:\WINDOWS\System32\RPCRT4.dll
0x00007ffe5cdf0000 - 0x00007ffe5cf8e000 	C:\WINDOWS\System32\USER32.dll
0x00007ffe43a30000 - 0x00007ffe43cca000 	C:\WINDOWS\WinSxS\amd64_microsoft.windows.common-controls_6595b64144ccf1df_6.0.19041.3570_none_60bb2a3971f3e41a\COMCTL32.dll
0x00007ffe5b470000 - 0x00007ffe5b492000 	C:\WINDOWS\System32\win32u.dll
0x00007ffe5ba30000 - 0x00007ffe5ba5c000 	C:\WINDOWS\System32\GDI32.dll
0x00007ffe5add0000 - 0x00007ffe5aeea000 	C:\WINDOWS\System32\gdi32full.dll
0x00007ffe5ad30000 - 0x00007ffe5adcd000 	C:\WINDOWS\System32\msvcp_win.dll
0x00007ffe4d700000 - 0x00007ffe4d70a000 	C:\WINDOWS\SYSTEM32\VERSION.dll
0x00007ffe5c4b0000 - 0x00007ffe5c4e0000 	C:\WINDOWS\System32\IMM32.DLL
0x00007ffe525b0000 - 0x00007ffe525bc000 	C:\Program Files\Java\jdk-20\bin\vcruntime140_1.dll
0x00007ffe1cc20000 - 0x00007ffe1ccae000 	C:\Program Files\Java\jdk-20\bin\msvcp140.dll
0x00007ffdfe830000 - 0x00007ffdff4c7000 	C:\Program Files\Java\jdk-20\bin\server\jvm.dll
0x00007ffe364f0000 - 0x00007ffe364f9000 	C:\WINDOWS\SYSTEM32\WSOCK32.dll
0x00007ffe4e880000 - 0x00007ffe4e8a7000 	C:\WINDOWS\SYSTEM32\WINMM.dll
0x00007ffe5bcf0000 - 0x00007ffe5bd5b000 	C:\WINDOWS\System32\WS2_32.dll
0x00007ffe58c20000 - 0x00007ffe58c32000 	C:\WINDOWS\SYSTEM32\kernel.appcore.dll
0x00007ffe52570000 - 0x00007ffe5257a000 	C:\Program Files\Java\jdk-20\bin\jimage.dll
0x00007ffe584b0000 - 0x00007ffe58694000 	C:\WINDOWS\SYSTEM32\DBGHELP.DLL
0x00007ffe4e840000 - 0x00007ffe4e874000 	C:\WINDOWS\SYSTEM32\dbgcore.DLL
0x00007ffe5af70000 - 0x00007ffe5aff2000 	C:\WINDOWS\System32\bcryptPrimitives.dll
0x00007ffe50e20000 - 0x00007ffe50e46000 	C:\Program Files\Java\jdk-20\bin\java.dll

dbghelp: loaded successfully - version: 4.0.5 - missing functions: none
symbol engine: initialized successfully - sym options: 0x614 - pdb path: .;C:\Program Files\Java\jdk-20\bin;C:\WINDOWS\SYSTEM32;C:\WINDOWS\WinSxS\amd64_microsoft.windows.common-controls_6595b64144ccf1df_6.0.19041.3570_none_60bb2a3971f3e41a;C:\Program Files\Java\jdk-20\bin\server

VM Arguments:
java_command: com.mycompany.sneakysun.SelectLoginWindow
java_class_path (initial): C:\Users\Satriock\Documents\Code\SQL\SSMS\Study Case Basis Data\sneakysun\target\classes;C:\Users\Satriock\.m2\repository\com\formdev\flatlaf\1.0\flatlaf-1.0.jar;C:\Users\Satriock\.m2\repository\com\microsoft\sqlserver\mssql-jdbc\12.4.1.jre8\mssql-jdbc-12.4.1.jre8.jar
Launcher Type: SUN_STANDARD

[Global flags]
     intx CICompilerCount                          = 4                                         {product} {ergonomic}
     uint ConcGCThreads                            = 2                                         {product} {ergonomic}
     uint G1ConcRefinementThreads                  = 8                                         {product} {ergonomic}
   size_t G1HeapRegionSize                         = 1048576                                   {product} {ergonomic}
    uintx GCDrainStackTargetSize                   = 64                                        {product} {ergonomic}
   size_t InitialHeapSize                          = 134217728                                 {product} {ergonomic}
   size_t MarkStackSize                            = 4194304                                   {product} {ergonomic}
   size_t MaxHeapSize                              = 2118123520                                {product} {ergonomic}
   size_t MinHeapDeltaBytes                        = 1048576                                   {product} {ergonomic}
   size_t MinHeapSize                              = 8388608                                   {product} {ergonomic}
    uintx NonNMethodCodeHeapSize                   = 5839372                                {pd product} {ergonomic}
    uintx NonProfiledCodeHeapSize                  = 122909434                              {pd product} {ergonomic}
    uintx ProfiledCodeHeapSize                     = 122909434                              {pd product} {ergonomic}
    uintx ReservedCodeCacheSize                    = 251658240                              {pd product} {ergonomic}
     bool SegmentedCodeCache                       = true                                      {product} {ergonomic}
   size_t SoftMaxHeapSize                          = 2118123520                             {manageable} {ergonomic}
     bool UseCompressedClassPointers               = true                           {product lp64_product} {ergonomic}
     bool UseCompressedOops                        = true                           {product lp64_product} {ergonomic}
     bool UseG1GC                                  = true                                      {product} {ergonomic}
     bool UseLargePagesIndividualAllocation        = false                                  {pd product} {ergonomic}

Logging:
Log output configuration:
 #0: stdout all=warning uptime,level,tags foldmultilines=false
 #1: stderr all=off uptime,level,tags foldmultilines=false

Environment Variables:
JAVA_HOME=C:\Program Files\Java\jdk-20
PATH=C:\Program Files\Common Files\Oracle\Java\javapath;C:\Program Files (x86)\Common Files\Oracle\Java\javapath;C:\WINDOWS\system32;C:\WINDOWS;C:\WINDOWS\System32\Wbem;C:\WINDOWS\System32\WindowsPowerShell\v1.0\;C:\WINDOWS\System32\OpenSSH\;C:\Program Files (x86)\NVIDIA Corporation\PhysX\Common;C:\Program Files\NVIDIA Corporation\NVIDIA NvDLISR;C:\Program Files\Git\cmd;C:\Program Files (x86)\Microsoft SQL Server\160\Tools\Binn\;C:\Program Files\Microsoft SQL Server\160\Tools\Binn\;C:\Program Files\Microsoft SQL Server\Client SDK\ODBC\170\Tools\Binn\;C:\Program Files\Microsoft SQL Server\160\DTS\Binn\;C:\Program Files (x86)\Microsoft SQL Server\160\DTS\Binn\;C:\Program Files\Azure Data Studio\bin;C:\Program Files\nodejs\;C:\Users\Satriock\AppData\Local\Microsoft\WindowsApps;C:\Users\Satriock\AppData\Local\Programs\Microsoft VS Code\bin;C:\Users\Satriock\AppData\Local\GitHubDesktop\bin;C:\Program Files\Azure Data Studio\bin;C:\Users\Satriock\AppData\Roaming\npm;C:\Users\Satriock\AppData\Local\Programs\Azure Data Studio\bin
USERNAME=Satriock
OS=Windows_NT
PROCESSOR_IDENTIFIER=Intel64 Family 6 Model 142 Stepping 10, GenuineIntel
TMP=C:\Users\Satriock\AppData\Local\Temp
TEMP=C:\Users\Satriock\AppData\Local\Temp




---------------  S Y S T E M  ---------------

OS:
 Windows 10 , 64 bit Build 19041 (10.0.19041.3570)
OS uptime: 6 days 16:52 hours

CPU: total 8 (initial active 8) (4 cores per cpu, 2 threads per core) family 6 model 142 stepping 10 microcode 0xb4, cx8, cmov, fxsr, ht, mmx, 3dnowpref, sse, sse2, sse3, ssse3, sse4.1, sse4.2, popcnt, lzcnt, tsc, tscinvbit, avx, avx2, aes, erms, clmul, bmi1, bmi2, adx, fma, vzeroupper, clflush, clflushopt, rdtscp, f16c

Memory: 4k page, system-wide physical 8076M (446M free)
TotalPageFile size 16076M (AvailPageFile size 3M)
current process WorkingSet (physical memory assigned to process): 10M, peak: 10M
current process commit charge ("private bytes"): 188M, peak: 190M

vm_info: Java HotSpot(TM) 64-Bit Server VM (20.0.1+9-29) for windows-amd64 JRE (20.0.1+9-29), built on 2023-03-07T13:56:11Z by "mach5one" with MS VC++ 17.1 (VS2022)

END.
