#
# There is insufficient memory for the Java Runtime Environment to continue.
# Native memory allocation (mmap) failed to map 134217728 bytes for G1 virtual space
# Possible reasons:
#   The system is out of physical RAM or swap space
#   The process is running with CompressedOops enabled, and the Java Heap may be blocking the growth of the native heap
# Possible solutions:
#   Reduce memory load on the system
#   Increase physical memory or swap space
#   Check if swap backing store is full
#   Decrease Java heap size (-Xmx/-Xms)
#   Decrease number of Java threads
#   Decrease Java thread stack sizes (-Xss)
#   Set larger code cache with -XX:ReservedCodeCacheSize=
#   JVM is running with Unscaled Compressed Oops mode in which the Java heap is
#     placed in the first 4GB address space. The Java Heap base address is the
#     maximum limit for the native heap growth. Please use -XX:HeapBaseMinAddress
#     to set the Java Heap base and to place the Java Heap above 4GB virtual address.
# This output file may be truncated or incomplete.
#
#  Out of Memory Error (os_windows.cpp:3528), pid=7700, tid=5020
#
# JRE version:  (20.0.1+9) (build )
# Java VM: Java HotSpot(TM) 64-Bit Server VM (20.0.1+9-29, mixed mode, sharing, tiered, compressed oops, compressed class ptrs, g1 gc, windows-amd64)
# No core dump will be written. Minidumps are not enabled by default on client versions of Windows
#

---------------  S U M M A R Y ------------

Command Line: com.mycompany.sneakysun.GUI.LoginWindow

Host: Intel(R) Core(TM) i5-8250U CPU @ 1.60GHz, 8 cores, 7G,  Windows 10 , 64 bit Build 19041 (10.0.19041.3636)
Time: Mon Nov 20 23:32:59 2023 SE Asia Standard Time elapsed time: 0.019534 seconds (0d 0h 0m 0s)

---------------  T H R E A D  ---------------

Current thread (0x00000208274a12b0):  JavaThread "Unknown thread" [_thread_in_vm, id=5020, stack(0x000000883bd00000,0x000000883be00000)]

Stack: [0x000000883bd00000,0x000000883be00000]
Native frames: (J=compiled Java code, j=interpreted, Vv=VM code, C=native code)
V  [jvm.dll+0x6bb95a]
V  [jvm.dll+0x8485fa]
V  [jvm.dll+0x84a1f5]
V  [jvm.dll+0x84a8f3]
V  [jvm.dll+0x280b0f]
V  [jvm.dll+0x6b86e9]
V  [jvm.dll+0x6ad2da]
V  [jvm.dll+0x35adf5]
V  [jvm.dll+0x363016]
V  [jvm.dll+0x3b3b3e]
V  [jvm.dll+0x3b3dc5]
V  [jvm.dll+0x32b50a]
V  [jvm.dll+0x32c32b]
V  [jvm.dll+0x8112bf]
V  [jvm.dll+0x3c0d91]
V  [jvm.dll+0x7fcfe3]
V  [jvm.dll+0x44c76f]
V  [jvm.dll+0x44e0e1]
C  [jli.dll+0x5287]
C  [ucrtbase.dll+0x21bb2]
C  [KERNEL32.DLL+0x17344]
C  [ntdll.dll+0x526b1]


---------------  P R O C E S S  ---------------

Threads class SMR info:
_java_thread_list=0x00007ffda70ba098, length=0, elements={
}

Java Threads: ( => current thread )

Other Threads:
  0x00000208274ff970 WorkerThread "GC Thread#0" [stack: 0x000000883be00000,0x000000883bf00000] [id=6432]
  0x00000208275106a0 ConcurrentGCThread "G1 Main Marker" [stack: 0x000000883bf00000,0x000000883c000000] [id=7436]
  0x0000020827511870 WorkerThread "G1 Conc#0" [stack: 0x000000883c000000,0x000000883c100000] [id=3092]

[error occurred during error reporting (printing all threads), id 0xc0000005, EXCEPTION_ACCESS_VIOLATION (0xc0000005) at pc=0x00007ffda689eb47]
VM state: not at safepoint (not fully initialized)

VM Mutex/Monitor currently owned by a thread:  ([mutex/lock_event])
[0x000002082749bb50] Heap_lock - owner thread: 0x00000208274a12b0

Heap address: 0x0000000081c00000, size: 2020 MB, Compressed Oops mode: 32-bit

CDS archive(s) mapped at: [0x0000000000000000-0x0000000000000000-0x0000000000000000), size 0, SharedBaseAddress: 0x0000000800000000, ArchiveRelocationMode: 0.
Narrow klass base: 0x0000000000000000, Narrow klass shift: 0, Narrow klass range: 0x0

GC Precious Log:
 CardTable entry size: 512
 Card Set container configuration: InlinePtr #cards 5 size 8 Array Of Cards #cards 12 size 40 Howl #buckets 4 coarsen threshold 1843 Howl Bitmap #cards 512 size 80 coarsen threshold 460 Card regions per heap region 1 cards per card region 2048

Heap:
 garbage-first heap   total 0K, used 0K [0x0000000081c00000, 0x0000000100000000)
  region size 1024K, 0 young (0K), 0 survivors (0K)

[error occurred during error reporting (printing heap information), id 0xc0000005, EXCEPTION_ACCESS_VIOLATION (0xc0000005) at pc=0x00007ffda6c73c59]
GC Heap History (0 events):
No events

Dll operation events (1 events):
Event: 0.011 Loaded shared library C:\Program Files\Java\jdk-20\bin\java.dll

Deoptimization events (0 events):
No events

Classes loaded (0 events):
No events

Classes unloaded (0 events):
No events

Classes redefined (0 events):
No events

Internal exceptions (0 events):
No events

VM Operations (0 events):
No events

Events (0 events):
No events


Dynamic libraries:
0x00007ff6fedf0000 - 0x00007ff6fee00000 	C:\Program Files\Java\jdk-20\bin\java.exe
0x00007ffdeb770000 - 0x00007ffdeb968000 	C:\WINDOWS\SYSTEM32\ntdll.dll
0x00007ffde9880000 - 0x00007ffde993d000 	C:\WINDOWS\System32\KERNEL32.DLL
0x00007ffde9150000 - 0x00007ffde9446000 	C:\WINDOWS\System32\KERNELBASE.dll
0x00007ffde8e80000 - 0x00007ffde8f80000 	C:\WINDOWS\System32\ucrtbase.dll
0x00007ffddfe80000 - 0x00007ffddfe9b000 	C:\Program Files\Java\jdk-20\bin\VCRUNTIME140.dll
0x00007ffdde800000 - 0x00007ffdde819000 	C:\Program Files\Java\jdk-20\bin\jli.dll
0x00007ffdeb490000 - 0x00007ffdeb53f000 	C:\WINDOWS\System32\ADVAPI32.dll
0x00007ffde9cf0000 - 0x00007ffde9d8e000 	C:\WINDOWS\System32\msvcrt.dll
0x00007ffdea280000 - 0x00007ffdea31c000 	C:\WINDOWS\System32\sechost.dll
0x00007ffdeab90000 - 0x00007ffdeacb6000 	C:\WINDOWS\System32\RPCRT4.dll
0x00007ffdeb570000 - 0x00007ffdeb70e000 	C:\WINDOWS\System32\USER32.dll
0x00007ffde8e50000 - 0x00007ffde8e72000 	C:\WINDOWS\System32\win32u.dll
0x00007ffdd31e0000 - 0x00007ffdd347a000 	C:\WINDOWS\WinSxS\amd64_microsoft.windows.common-controls_6595b64144ccf1df_6.0.19041.3636_none_60b6a03d71f818d5\COMCTL32.dll
0x00007ffdeb540000 - 0x00007ffdeb56c000 	C:\WINDOWS\System32\GDI32.dll
0x00007ffde9550000 - 0x00007ffde966a000 	C:\WINDOWS\System32\gdi32full.dll
0x00007ffde9040000 - 0x00007ffde90dd000 	C:\WINDOWS\System32\msvcp_win.dll
0x00007ffdde980000 - 0x00007ffdde98a000 	C:\WINDOWS\SYSTEM32\VERSION.dll
0x00007ffdea950000 - 0x00007ffdea980000 	C:\WINDOWS\System32\IMM32.DLL
0x00007ffdde6e0000 - 0x00007ffdde6ec000 	C:\Program Files\Java\jdk-20\bin\vcruntime140_1.dll
0x00007ffdc8ec0000 - 0x00007ffdc8f4e000 	C:\Program Files\Java\jdk-20\bin\msvcp140.dll
0x00007ffda6560000 - 0x00007ffda71f7000 	C:\Program Files\Java\jdk-20\bin\server\jvm.dll
0x00007ffdd3c00000 - 0x00007ffdd3c27000 	C:\WINDOWS\SYSTEM32\WINMM.dll
0x00007ffdc99c0000 - 0x00007ffdc99c9000 	C:\WINDOWS\SYSTEM32\WSOCK32.dll
0x00007ffdea210000 - 0x00007ffdea27b000 	C:\WINDOWS\System32\WS2_32.dll
0x00007ffde6d80000 - 0x00007ffde6d92000 	C:\WINDOWS\SYSTEM32\kernel.appcore.dll
0x00007ffdde010000 - 0x00007ffdde01a000 	C:\Program Files\Java\jdk-20\bin\jimage.dll
0x00007ffde6570000 - 0x00007ffde6754000 	C:\WINDOWS\SYSTEM32\DBGHELP.DLL
0x00007ffdd10b0000 - 0x00007ffdd10e4000 	C:\WINDOWS\SYSTEM32\dbgcore.DLL
0x00007ffde8fb0000 - 0x00007ffde9032000 	C:\WINDOWS\System32\bcryptPrimitives.dll
0x00007ffdd1a80000 - 0x00007ffdd1aa6000 	C:\Program Files\Java\jdk-20\bin\java.dll

dbghelp: loaded successfully - version: 4.0.5 - missing functions: none
symbol engine: initialized successfully - sym options: 0x614 - pdb path: .;C:\Program Files\Java\jdk-20\bin;C:\WINDOWS\SYSTEM32;C:\WINDOWS\WinSxS\amd64_microsoft.windows.common-controls_6595b64144ccf1df_6.0.19041.3636_none_60b6a03d71f818d5;C:\Program Files\Java\jdk-20\bin\server

VM Arguments:
java_command: com.mycompany.sneakysun.GUI.LoginWindow
java_class_path (initial): C:\Users\Satriock\Documents\Code\SQL\SSMS\Study Case Basis Data\sneakysun\target\classes;C:\Users\Satriock\.m2\repository\com\formdev\flatlaf\1.0\flatlaf-1.0.jar;C:\Users\Satriock\.m2\repository\com\microsoft\sqlserver\mssql-jdbc\12.4.1.jre8\mssql-jdbc-12.4.1.jre8.jar
Launcher Type: SUN_STANDARD

[Global flags]
     intx CICompilerCount                          = 4                                         {product} {ergonomic}
     uint ConcGCThreads                            = 2                                         {product} {ergonomic}
     uint G1ConcRefinementThreads                  = 8                                         {product} {ergonomic}
   size_t G1HeapRegionSize                         = 1048576                                   {product} {ergonomic}
    uintx GCDrainStackTargetSize                   = 64                                        {product} {ergonomic}
   size_t InitialHeapSize                          = 134217728                                 {product} {ergonomic}
   size_t MarkStackSize                            = 4194304                                   {product} {ergonomic}
   size_t MaxHeapSize                              = 2118123520                                {product} {ergonomic}
   size_t MinHeapDeltaBytes                        = 1048576                                   {product} {ergonomic}
   size_t MinHeapSize                              = 8388608                                   {product} {ergonomic}
    uintx NonNMethodCodeHeapSize                   = 5839372                                {pd product} {ergonomic}
    uintx NonProfiledCodeHeapSize                  = 122909434                              {pd product} {ergonomic}
    uintx ProfiledCodeHeapSize                     = 122909434                              {pd product} {ergonomic}
    uintx ReservedCodeCacheSize                    = 251658240                              {pd product} {ergonomic}
     bool SegmentedCodeCache                       = true                                      {product} {ergonomic}
   size_t SoftMaxHeapSize                          = 2118123520                             {manageable} {ergonomic}
     bool UseCompressedClassPointers               = true                           {product lp64_product} {ergonomic}
     bool UseCompressedOops                        = true                           {product lp64_product} {ergonomic}
     bool UseG1GC                                  = true                                      {product} {ergonomic}
     bool UseLargePagesIndividualAllocation        = false                                  {pd product} {ergonomic}

Logging:
Log output configuration:
 #0: stdout all=warning uptime,level,tags foldmultilines=false
 #1: stderr all=off uptime,level,tags foldmultilines=false

Environment Variables:
JAVA_HOME=C:\Program Files\Java\jdk-20
PATH=C:\Program Files\Common Files\Oracle\Java\javapath;C:\Program Files (x86)\Common Files\Oracle\Java\javapath;C:\WINDOWS\system32;C:\WINDOWS;C:\WINDOWS\System32\Wbem;C:\WINDOWS\System32\WindowsPowerShell\v1.0\;C:\WINDOWS\System32\OpenSSH\;C:\Program Files (x86)\NVIDIA Corporation\PhysX\Common;C:\Program Files\NVIDIA Corporation\NVIDIA NvDLISR;C:\Program Files\Git\cmd;C:\Program Files (x86)\Microsoft SQL Server\160\Tools\Binn\;C:\Program Files\Microsoft SQL Server\160\Tools\Binn\;C:\Program Files\Microsoft SQL Server\Client SDK\ODBC\170\Tools\Binn\;C:\Program Files\Microsoft SQL Server\160\DTS\Binn\;C:\Program Files (x86)\Microsoft SQL Server\160\DTS\Binn\;C:\Program Files\Azure Data Studio\bin;C:\Program Files\nodejs\;C:\Users\Satriock\AppData\Local\Microsoft\WindowsApps;C:\Users\Satriock\AppData\Local\Programs\Microsoft VS Code\bin;C:\Users\Satriock\AppData\Local\GitHubDesktop\bin;C:\Program Files\Azure Data Studio\bin;C:\Users\Satriock\AppData\Roaming\npm;C:\Users\Satriock\AppData\Local\Programs\Azure Data Studio\bin
USERNAME=Satriock
OS=Windows_NT
PROCESSOR_IDENTIFIER=Intel64 Family 6 Model 142 Stepping 10, GenuineIntel
TMP=C:\Users\Satriock\AppData\Local\Temp
TEMP=C:\Users\Satriock\AppData\Local\Temp




---------------  S Y S T E M  ---------------

OS:
 Windows 10 , 64 bit Build 19041 (10.0.19041.3636)
OS uptime: 1 days 8:44 hours

CPU: total 8 (initial active 8) (4 cores per cpu, 2 threads per core) family 6 model 142 stepping 10 microcode 0xb4, cx8, cmov, fxsr, ht, mmx, 3dnowpref, sse, sse2, sse3, ssse3, sse4.1, sse4.2, popcnt, lzcnt, tsc, tscinvbit, avx, avx2, aes, erms, clmul, bmi1, bmi2, adx, fma, vzeroupper, clflush, clflushopt, rdtscp, f16c

Memory: 4k page, system-wide physical 8076M (442M free)
TotalPageFile size 16076M (AvailPageFile size 87M)
current process WorkingSet (physical memory assigned to process): 10M, peak: 10M
current process commit charge ("private bytes"): 60M, peak: 188M

vm_info: Java HotSpot(TM) 64-Bit Server VM (20.0.1+9-29) for windows-amd64 JRE (20.0.1+9-29), built on 2023-03-07T13:56:11Z by "mach5one" with MS VC++ 17.1 (VS2022)

END.
